<?xml version="1.0" encoding="UTF-8"?>
<!-- Generated by org.testng.reporters.JUnitReportReporter -->
<testsuite hostname="DESKTOP-6SCDH8C" failures="0" tests="1" name="com.gorestapi.com.putandpatch" time="3.641" errors="0" timestamp="2023-02-17T07:26:30 PST" skipped="0">
  <testcase classname="com.gorestapi.com.putandpatch" name="updatecustomer" time="3.641"/>
  <system-out/>
</testsuite> <!-- com.gorestapi.com.putandpatch -->
