<?xml version="1.0" encoding="UTF-8"?>
<!-- Generated by org.testng.reporters.JUnitReportReporter -->
<testsuite hostname="DESKTOP-6SCDH8C" failures="0" tests="1" name="com.gorestapi.com.TC002_PostCalls" time="2.714" errors="0" timestamp="2023-02-15T12:23:00 PST" skipped="0">
  <testcase classname="com.gorestapi.com.TC002_PostCalls" name="createcustomer" time="2.714"/>
  <system-out/>
</testsuite> <!-- com.gorestapi.com.TC002_PostCalls -->
