<?xml version="1.0" encoding="UTF-8"?>
<!-- Generated by org.testng.reporters.JUnitReportReporter -->
<testsuite hostname="DESKTOP-6SCDH8C" failures="0" tests="2" name="com.gorestapi.com.putandpatchex" time="4.760" errors="0" timestamp="2023-02-17T07:25:57 PST" skipped="0">
  <testcase classname="com.gorestapi.com.putandpatchex" name="generatePayload" time="0.725"/>
  <system-out/>
  <testcase classname="com.gorestapi.com.putandpatchex" name="putcalls" time="4.035"/>
  <system-out/>
</testsuite> <!-- com.gorestapi.com.putandpatchex -->
